<?xml version="1.0" encoding="UTF-8"?>
<robot generator="Robot 7.4.2 (Python 3.14.7 on win32)" generated="2026-08-28T21:58:01.154664" rpa="false" schemaversion="5">
<suite id="s1" name="Login" source="D:\toolshop-tests\login.robot">
<test id="s1-t1" name="Autentificare Cu Credentiale Valide" line="13">
<kw name="Open Browser" owner="SeleniumLibrary">
<msg time="2026-08-28T21:58:01.606274" level="INFO">Opening browser 'chrome' to base url 'https://www.saucedemo.com'.</msg>
<arg>${URL}</arg>
<arg>${BROWSER}</arg>
<doc>Opens a new browser instance to the optional ``url``.</doc>
<status status="PASS" start="2026-08-28T21:58:01.605935" elapsed="2.094868"/>
</kw>
<kw name="Input Text" owner="SeleniumLibrary">
<msg time="2026-08-28T21:58:03.702867" level="INFO">Typing text 'standard_user' into text field 'id=user-name'.</msg>
<arg>id=user-name</arg>
<arg>${USER}</arg>
<doc>Types the given ``text`` into the text field identified by ``locator``.</doc>
<status status="PASS" start="2026-08-28T21:58:03.701788" elapsed="0.231806"/>
</kw>
<kw name="Input Text" owner="SeleniumLibrary">
<msg time="2026-08-28T21:58:03.934623" level="INFO">Typing text 'secret_sauce' into text field 'id=password'.</msg>
<arg>id=password</arg>
<arg>${PASSWORD}</arg>
<doc>Types the given ``text`` into the text field identified by ``locator``.</doc>
<status status="PASS" start="2026-08-28T21:58:03.934155" elapsed="0.105294"/>
</kw>
<kw name="Click Button" owner="SeleniumLibrary">
<msg time="2026-08-28T21:58:04.040366" level="INFO">Clicking button 'id=login-button'.</msg>
<arg>id=login-button</arg>
<doc>Clicks the button identified by ``locator``.</doc>
<status status="PASS" start="2026-08-28T21:58:04.039955" elapsed="0.183071"/>
</kw>
<kw name="Page Should Contain Element" owner="SeleniumLibrary">
<msg time="2026-08-28T21:58:04.269313" level="INFO">Current page contains element 'class=inventory_list'.</msg>
<arg>class=inventory_list</arg>
<doc>Verifies that element ``locator`` is found on the current page.</doc>
<status status="PASS" start="2026-08-28T21:58:04.223759" elapsed="0.045827"/>
</kw>
<kw name="Run Keyword If Test Failed" owner="BuiltIn" type="TEARDOWN">
<arg>Capture Page Screenshot</arg>
<doc>Runs the given keyword with the given arguments, if the test failed.</doc>
<status status="PASS" start="2026-08-28T21:58:04.278070" elapsed="0.000923"/>
</kw>
<status status="PASS" start="2026-08-28T21:58:01.604248" elapsed="2.675142"/>
</test>
<test id="s1-t2" name=" ... AND" line="21">
<kw name="Close Browser" owner="SeleniumLibrary">
<doc>Closes the current browser.</doc>
<status status="PASS" start="2026-08-28T21:58:04.285443" elapsed="2.338114"/>
</kw>
<status status="PASS" start="2026-08-28T21:58:04.284458" elapsed="2.339770"/>
</test>
<doc>Primul meu test in Robot Framework</doc>
<status status="PASS" start="2026-08-28T21:58:01.157087" elapsed="5.468458"/>
</suite>
<statistics>
<total>
<stat pass="2" fail="0" skip="0">All Tests</stat>
</total>
<tag>
</tag>
<suite>
<stat name="Login" id="s1" pass="2" fail="0" skip="0">Login</stat>
</suite>
</statistics>
<errors>
</errors>
</robot>
