<?xml version="1.0" encoding="UTF-8"?>
<robot generator="Robot 7.4.2 (Python 3.14.7 on win32)" generated="2026-08-29T14:09:26.085186" rpa="false" schemaversion="5">
<suite id="s1" name="Toolshop-Tests" source="D:\toolshop-tests">
<suite id="s1-s1" name="Smoke Setup" source="D:\toolshop-tests\smoke_setup.robot">
<test id="s1-s1-t1" name="Browserul Porneste Si Aplicatia Raspunde" line="11">
<kw name="Open Browser" owner="SeleniumLibrary">
<msg time="2026-08-29T14:09:27.416685" level="INFO">Opening browser 'chrome' to base url 'https://practicesoftwaretesting.com'.</msg>
<arg>https://practicesoftwaretesting.com</arg>
<arg>${BROWSER}</arg>
<doc>Opens a new browser instance to the optional ``url``.</doc>
<status status="PASS" start="2026-08-29T14:09:27.415642" elapsed="3.143197"/>
</kw>
<kw name="Wait Until Page Contains" owner="SeleniumLibrary">
<arg>Toolshop</arg>
<arg>timeout=20s</arg>
<doc>Waits until ``text`` appears on the current page.</doc>
<status status="PASS" start="2026-08-29T14:09:30.570165" elapsed="0.484285"/>
</kw>
<kw name="Close Browser" owner="SeleniumLibrary">
<doc>Closes the current browser.</doc>
<status status="PASS" start="2026-08-29T14:09:31.061873" elapsed="2.556415"/>
</kw>
<doc>AL DOILEA</doc>
<tag>smoke REQ-101</tag>
<status status="PASS" start="2026-08-29T14:09:27.403332" elapsed="6.216846"/>
</test>
<test id="s1-s1-t2" name="API-ul Raspunde" line="19">
<kw name="GET" owner="RequestsLibrary">
<msg time="2026-08-29T14:09:33.942734" level="INFO">GET Request : url=https://api.practicesoftwaretesting.com/products 
 path_url=/products 
 headers={'User-Agent': 'python-requests/2.34.2', 'Accept-Encoding': 'gzip, deflate, zstd', 'Accept': '*/*', 'Connection': 'keep-alive'} 
 body=None 
 </msg>
<msg time="2026-08-29T14:09:33.945128" level="INFO">GET Response : url=https://api.practicesoftwaretesting.com/products 
 status=200, reason=OK 
 headers={'Date': 'Sat, 29 Aug 2026 11:09:34 GMT', 'Server': 'Apache/2.4.52 (Ubuntu)', 'Cache-Control': 'max-age=120, public', 'Access-Control-Allow-Origin': '*', 'Access-Control-Expose-Headers': 'Content-Disposition', 'Upgrade': 'h2', 'Connection': 'Upgrade, close', 'ETag': '"f56dac521471b40b45c310e1fac93bfb-gzip"', 'Vary': 'Accept-Encoding', 'Content-Encoding': 'gzip', 'Content-Length': '4274', 'Content-Type': 'application/json'} 
 body={"current_page":1,"data":[{"id":"01M16JTZN2SNPECSZZEVQZTG9E","name":"Combination Pliers","description":"Versatile combination pliers designed for gripping, bending, and cutting wire with ease. Featuring chrome vanadium steel construction with induction-hardened cutting edges, these pliers deliver excellent grip and leverage for a wide range of tasks. The precision-machined jaws combine flat gripping surfaces with a pipe-grip section and integrated wire cutter for true multi-purpose functionality. Ergonomic bi-component handles reduce hand fatigue during extended use and provide a secure hold even with oily or gloved hands. The joint is precisely fitted to eliminate play and ensure smooth operation over thousands of cycles. Ideal for electricians, mechanics, and DIY enthusiasts tackling everyday projects around the workshop or job site.","price":14.15,"is_location_offer":false,"is_rental":false,"co2_rating":"D","in_stock":true,"is_eco_friendly":false,"product_image":{"id":"01M16JTZM8JX77XNYF7YEEJ980","by_name":"Helinton Fantin","by_url":"https:\/\/unsplash.com\/@fantin","source_name":"Unsplash","source_url":"https:\/\/unsplash.com\/photos\/W8BNwvOvW4M","file_name":"pliers01.avif","title":"Combination pliers"},"category":{"id":"01M16JTZJWJ0VM9A567JNMVFN7","name":"Pliers","slug":"pliers"},"brand":{"id":"01M16JTZ7F55AM0QHBY0HAHFKM","name":"ForgeFlex Tools"}},{"id":"01M16JTZN7KRP5MMFVHR1XQDRN","name":"Pliers","description":"Reliable general-purpose pliers crafted from drop-forged carbon steel for long-lasting durability in demanding working conditions. The serrated jaws provide a firm grip on a variety of materials including wire, nails, small fasteners, and irregularly shaped objects. Comfortable rubber-coated handles absorb vibration and reduce hand fatigue during extended use, while the non-slip surface ensures confident handling. The precision pivot joint maintains alignment under load, delivering smooth, controlled jaw action with every squeeze. Heat-treated steel construction resists wear and deformation even under heavy use. A must-have foundational tool for any workshop, equally suited for professional tradespeople and home repair projects.","price":12.01,"is_location_offer":false,"is_rental":false,"co2_rating":"D","in_stock":true,"is_eco_friendly":false,"product_image":{"id":"01M16JTZM8JX77XNYF7YEEJ981","by_name":"Everyday basics","by_url":"https:\/\/unsplash.com\/@zanardi","source_name":"Unsplash","source_url":"https:\/\/unsplash.com\/photos\/I8eTuMmxIfo","file_name":"pliers02.avif","title":"Pliers"},"category":{"id":"01M16JTZJWJ0VM9A567JNMVFN7","name":"Pliers","slug":"pliers"},"brand":{"id":"01M16JTZ7F55AM0QHBY0HAHFKM","name":"ForgeFlex Tools"}},{"id":"01M16JTZNEGJTQ8BK0JBAM9DSR","name":"Bolt Cutters","description":"Heavy-duty bolt cutters engineered to slice through hardened bolts, chains, padlocks, and wire fencing with minimal effort. The compound leverage mechanism multiplies your cutting force by a factor of 30, enabling clean cuts through materials up to 10mm in diameter. Hardened alloy steel blades are precisely ground and heat-treated to maintain a sharp edge through years of repeated use on tough materials. Ergonomic rubber grips and the generous 750mm handle length provide excellent control, leverage, and reach during overhead or awkward-angle cuts. An adjustable blade tension screw lets you fine-tune the jaw alignment for optimal cutting performance. Built for demolition crews, locksmiths, fencing contractors, and maintenance professionals who need reliable cutting power day after day.","price":48.41,"is_location_offer":true,"is_rental":false,"co2_rating":"D","in_stock":true,"is_eco_friendly":false,"product_image":{"id":"01M16JTZM8JX77XNYF7YEEJ982","by_name":"Michael Dziedzic","by_url":"https:\/\/unsplash.com\/@lazycreekimages","source_name":"Unsplash","source_url":"https:\/\/unsplash.com\/photos\/pM9pkc9J918","file_name":"pliers03.avif","title":"Bolt cutters"},"category":{"id":"01M16JTZJWJ0VM9A567JNMVFN7","name":"Pliers","slug":"pliers"},"brand":{"id":"01M16JTZ7F55AM0QHBY0HAHFKN","name":"MightyCraft Hardware"}},{"id":"01M16JTZNJ5MD2BQ0EJJ88KGZ0","name":"Long Nose Pliers","description":"Precision long nose pliers with narrow tapered jaws designed for reaching into tight, confined spaces and bending fine wire with accuracy. Made from chrome vanadium steel with induction-hardened cutting edges that cleanly sever copper, brass, and steel wire without crushing or fraying. The slim jaw profile tapers to a fine point, making these pliers indispensable for electrical terminal work, jewelry making, and intricate mechanical repairs. Bi-component comfort grips minimize hand strain during detailed tasks requiring a steady hand and controlled pressure. The leaf-spring joint returns the handles to the open position automatically, speeding up repetitive tasks. A must-have precision tool trusted by electricians, electronics technicians, and hobbyists worldwide.","price":14.24,"is_location_offer":false,"is_rental":false,"co2_rating":"D","in_stock":false,"is_eco_friendly":false,"product_image":{"id":"01M16JTZM8JX77XNYF7YEEJ983","by_name":"Brett Jordan","by_url":"https:\/\/unsplash.com\/@brett_jordan","source_name":"Unsplash","source_url":"https:\/\/unsplash.com\/photos\/GamuDTVm02g","file_name":"pliers04.avif","title":"Long nose pliers"},"category":{"id":"01M16JTZJWJ0VM9A567JNMVFN7","name":"Pliers","slug":"pliers"},"brand":{"id":"01M16JTZ7F55AM0QHBY0HAHFKN","name":"MightyCraft Hardware"}},{"id":"01M16JTZNM855A96PZH6D8H7AH","name":"Slip Joint Pliers","description":"Adjustable slip joint pliers that feature a two-position pivot mechanism for switching between regular and wide jaw openings to accommodate different fastener sizes. The PVC-coated handles offer a comfortable, non-slip grip while the precisely machined jaws securely grasp round, flat, and hexagonal objects without slipping. Constructed from durable drop-forged carbon steel that has been heat-treated to withstand heavy daily use in professional environments. The curved jaw section grips pipes and cylindrical objects, while the flat front surface handles nuts, bolts, and sheet materials. A wire cutter integrated near the pivot handles light cutting tasks without reaching for a separate tool. Perfect for plumbing, automotive, HVAC, and general maintenance work where a single versatile gripping tool saves time.","price":9.17,"is_location_offer":false,"is_rental":false,"co2_rating":"D","in_stock":true,"is_eco_friendly":false,"product_image":{"id":"01M16JTZM8JX77XNYF7YEEJ984","by_name":"Yasin Hasan","by_url":"https:\/\/unsplash.com\/@yasin","source_name":"Unsplash","source_url":"https:\/\/unsplash.com\/photos\/dwlxTSpfKXg","file_name":"pliers05.avif","title":"Slip joint pliers"},"category":{"id":"01M16JTZJWJ0VM9A567JNMVFN7","name":"Pliers","slug":"pliers"},"brand":{"id":"01M16JTZ7F55AM0QHBY0HAHFKN","name":"MightyCraft Hardware"}},{"id":"01M16JTZNNZD4B437TEE5KMP92","name":"Claw Hammer with Shock Reduction Grip","description":"Ergonomic claw hammer featuring an advanced shock reduction grip system that absorbs up to 70% of impact vibrations, protecting your wrist, elbow, and shoulder during prolonged nailing sessions. The 450g carbon steel head is precision-balanced and heat-treated for maximum hardness, ensuring accurate nail driving with minimal effort on every swing. The curved claw design effortlessly removes nails without damaging surrounding wood surfaces, making it equally useful for construction and renovation work. A fiberglass-reinforced handle combines lightweight strength with exceptional durability that far outlasts traditional wooden handles. The overmolded soft-grip zone conforms to your hand shape for a custom-feeling, fatigue-free hold throughout long working days. Recommended for professional framing, carpentry, and renovation projects where operator comfort matters as much as striking performance.","price":13.41,"is_location_offer":true,"is_rental":false,"co2_rating":"D","in_stock":true,"is_eco_friendly":false,"product_image":{"id":"01M16JTZM8JX77XNYF7YEEJ985","by_name":"iMattSmart","by_url":"https:\/\/unsplash.com\/@imattsmart","source_name":"Unsplash","source_url":"https:\/\/unsplash.com\/photos\/jaLaLQdkBOE","file_name":"hammer01.avif","title":"Claw Hammer"},"category":{"id":"01M16JTZJWJ0VM9A567JNMVFN3","name":"Hammer","slug":"hammer"},"brand":{"id":"01M16JTZ7F55AM0QHBY0HAHFKM","name":"ForgeFlex Tools"}},{"id":"01M16JTZNRX60HHXCK2V64BGHA","name":"Hammer","description":"A dependable standard claw hammer suitable for driving and removing nails in everyday construction, carpentry, and home improvement projects. The 350g carbon steel head is drop-forged and heat-treated for maximum hardness, then fitted to a traditional wooden handle that provides natural shock absorption with each strike. Well-balanced weight distribution between the head and handle ensures accurate strikes with minimal wrist effort, reducing fatigue during repetitive nailing tasks. The polished face resists rust and provides a smooth surface that drives nails cleanly without leaving marks on finish materials. A gently curved claw provides reliable nail extraction leverage without excessive force. This versatile hammer belongs in every toolbox, from professional carpentry workshops to home garages and apartment maintenance kits.","price":12.58,"is_location_offer":false,"is_rental":false,"co2_rating":"D","in_stock":true,"is_eco_friendly":false,"product_image":{"id":"01M16JTZM8JX77XNYF7YEEJ986","by_name":"Jozsef Hocza","by_url":"https:\/\/unsplash.com\/@hocza","source_name":"Unsplash","source_url":"https:\/\/unsplash.com\/photos\/D3nouOYbALc","file_name":"hammer02.avif","title":"Hammer"},"category":{"id":"01M16JTZJWJ0VM9A567JNMVFN3","name":"Hammer","slug":"hammer"},"brand":{"id":"01M16JTZ7F55AM0QHBY0HAHFKM","name":"ForgeFlex Tools"}},{"id":"01M16JTZNTVT3SYS8GBTQZGBG5","name":"Claw Hammer","description":"Traditional claw hammer with a polished carbon steel head engineered fo... (set the log level to DEBUG or TRACE to see the full content) 
 </msg>
<msg time="2026-08-29T14:09:33.948024" level="INFO">${resp} = &lt;Response [200]&gt;</msg>
<var>${resp}</var>
<arg>https://api.practicesoftwaretesting.com/products</arg>
<doc>Sends a GET request.</doc>
<status status="PASS" start="2026-08-29T14:09:33.667073" elapsed="0.282687"/>
</kw>
<kw name="Should Be Equal As Integers" owner="BuiltIn">
<msg time="2026-08-29T14:09:33.958108" level="INFO">Argument types are:
&lt;class 'int'&gt;
&lt;class 'str'&gt;</msg>
<arg>${resp.status_code}</arg>
<arg>200</arg>
<doc>Fails if objects are unequal after converting them to integers.</doc>
<status status="PASS" start="2026-08-29T14:09:33.953979" elapsed="0.005601"/>
</kw>
<status status="PASS" start="2026-08-29T14:09:33.638202" elapsed="0.324518"/>
</test>
<doc>Verifică faptul că mediul e configurat corect</doc>
<meta name="TICKET-1342"/>
<status status="PASS" start="2026-08-29T14:09:26.193979" elapsed="7.796370"/>
</suite>
<status status="PASS" start="2026-08-29T14:09:26.095476" elapsed="7.905161"/>
</suite>
<statistics>
<total>
<stat pass="2" fail="0" skip="0">All Tests</stat>
</total>
<tag>
<stat pass="1" fail="0" skip="0">smoke REQ-101</stat>
</tag>
<suite>
<stat name="Toolshop-Tests" id="s1" pass="2" fail="0" skip="0">Toolshop-Tests</stat>
<stat name="Smoke Setup" id="s1-s1" pass="2" fail="0" skip="0">Toolshop-Tests.Smoke Setup</stat>
</suite>
</statistics>
<errors>
</errors>
</robot>
